
========================================
[2026-06-11 05:50:01] INICIO
[2026-06-11 05:50:01] [1/5] Backup completo (PostgreSQL + código)...
[2026-06-11 05:50:01] 1a. Dump PostgreSQL...
[2026-06-11 05:50:01] PostgreSQL dump: 73K
[2026-06-11 05:50:01] 1b. Copiando código del proyecto...
[2026-06-11 05:50:01] 1c. Comprimiendo backup...
[2026-06-11 05:50:01] Backup completo creado: 1.9M
[2026-06-11 05:50:01] [2/5] Subiendo backup completo a Google Drive...
[2026-06-11 05:50:01] Backup subido a Drive: backup_completo_2026-06-11.tar.gz
[2026-06-11 05:50:01] [3/5] Rotando backups antiguos en Google Drive...
[2026-06-11 05:50:01] Backups completos en Drive: 1, se eliminarán: -2
[2026-06-11 05:50:01] [4/5] Git commit + push...
[main 4577c57] auto: cambios 2026-06-11
 2 files changed, 117 insertions(+)
 create mode 100644 scripts/automation.log
 create mode 100755 scripts/direccion-automation.sh
To https://github.com/maikel-d/CIM5.git
   380f700..4577c57  main -> main
[2026-06-11 05:50:01] Git push completado
[2026-06-11 05:50:01] FIN

========================================
[2026-06-11 06:00:01] INICIO
[2026-06-11 06:00:01] [5/5] Reiniciando contenedores Docker...
 Container direccion-nginx Restarting 
 Container direccion-db Restarting 
 Container direccion-app Restarting 
 Container direccion-db Started 
 Container direccion-nginx Started 
 Container direccion-app Started 
[2026-06-11 06:00:01] Contenedores reiniciados
[2026-06-11 06:00:01] FIN

========================================
[2026-06-11 13:08:13] INICIO
[2026-06-11 13:08:13] [1/5] Backup completo (PostgreSQL + código)...
[2026-06-11 13:08:13] 1a. Dump PostgreSQL...
[2026-06-11 13:08:13] PostgreSQL dump: 73K
[2026-06-11 13:08:13] 1b. Copiando código del proyecto...
[2026-06-11 13:08:13] 1c. Comprimiendo backup...
[2026-06-11 13:08:13] Backup completo creado: 1.9M
[2026-06-11 13:08:13] [2/5] Subiendo backup completo a Google Drive...
[2026-06-11 13:08:13] Backup subido a Drive: backup_completo_2026-06-11.tar.gz
[2026-06-11 13:08:13] [3/5] Rotando backups antiguos en Google Drive...
[2026-06-11 13:08:13] Backups completos en Drive: 1, se eliminarán: -2
[2026-06-11 13:08:13] [4/5] Git commit + push...
[main dde9e7d] auto: cambios 2026-06-11
 1 file changed, 34 insertions(+)
To https://github.com/maikel-d/CIM5.git
   4577c57..dde9e7d  main -> main
[2026-06-11 13:08:13] Git push completado
[2026-06-11 13:08:13] FIN

========================================
[2026-06-11 13:18:37] INICIO
[2026-06-11 13:18:37] [1/5] Backup completo (PostgreSQL + codigo + volumenes)...
[2026-06-11 13:18:37] 1a. Dump PostgreSQL...
[2026-06-11 13:18:37] PostgreSQL dump: 72K
[2026-06-11 13:18:37] 1b. Copiando codigo del proyecto...
[2026-06-11 13:18:37] 1c. Backupeando volumenes Docker...
[2026-06-11 13:18:37]     Volumen: cim5nv_media_data
[2026-06-11 13:18:37]     Backup OK: 1.8M
[2026-06-11 13:18:37]     Volumen: cim5nv_static_data
[2026-06-11 13:18:37]     Backup OK: 1.9M
[2026-06-11 13:18:37] 1d. Comprimiendo backup...
[2026-06-11 13:18:37] Backup completo creado: 5.5M
[2026-06-11 13:18:37] [2/5] Subiendo backup a Google Drive...
[2026-06-11 13:18:37] Backup subido a Drive: backup_completo_2026-06-11.tar.gz
[2026-06-11 13:18:37] [3/5] Rotando backups antiguos en Google Drive...
[2026-06-11 13:18:37] Backups en Drive: 1, se eliminaran: -2
[2026-06-11 13:18:37] [4/5] Git commit + push...
[main f8af184] auto: cambios 2026-06-11
 2 files changed, 54 insertions(+), 14 deletions(-)
To https://github.com/maikel-d/CIM5.git
   dde9e7d..f8af184  main -> main
[2026-06-11 13:18:37] Git push completado
[2026-06-11 13:18:37] FIN

========================================
[2026-06-12 05:50:02] INICIO
[2026-06-12 05:50:02] [1/5] Backup completo (PostgreSQL + codigo + volumenes)...
[2026-06-12 05:50:02] 1a. Dump PostgreSQL...
[2026-06-12 05:50:02] PostgreSQL dump: 89K
[2026-06-12 05:50:02] 1b. Copiando codigo del proyecto...
[2026-06-12 05:50:02] 1c. Backupeando volumenes Docker...
[2026-06-12 05:50:02]     Volumen: cim5nv_media_data
[2026-06-12 05:50:02]     Backup OK: 1.8M
[2026-06-12 05:50:02]     Volumen: cim5nv_static_data
[2026-06-12 05:50:02]     Backup OK: 1.9M
[2026-06-12 05:50:02] 1d. Comprimiendo backup...
[2026-06-12 05:50:02] Backup completo creado: 5.6M
[2026-06-12 05:50:02] [2/5] Subiendo backup a Google Drive...
[2026-06-12 05:50:02] Backup subido a Drive: backup_completo_2026-06-12.tar.gz
[2026-06-12 05:50:02] [3/5] Rotando backups antiguos en Google Drive...
[2026-06-12 05:50:02] Backups en Drive: 2, se eliminaran: -1
[2026-06-12 05:50:02] [4/5] Git commit + push...
[main 4049855] auto: cambios 2026-06-12
 26 files changed, 3452 insertions(+), 2987 deletions(-)
 create mode 100644 cloudflared/cert.pem
 create mode 100644 cloudflared/cimcinco.json
 create mode 100644 cloudflared/config.yml
 create mode 100644 direccion/migrations/0015_remove_personal_rango_bien_caso_and_more.py
 create mode 100644 templates/403.html
To https://github.com/maikel-d/CIM5.git
   f8af184..4049855  main -> main
[2026-06-12 05:50:02] Git push completado
[2026-06-12 05:50:02] FIN

========================================
[2026-06-12 06:00:01] INICIO
[2026-06-12 06:00:01] [5/5] Reiniciando contenedores Docker...
 Container direccion-app Restarting 
 Container direccion-nginx Restarting 
 Container direccion-db Restarting 
 Container direccion-nginx Started 
 Container direccion-db Started 
 Container direccion-app Started 
[2026-06-12 06:00:01] Contenedores reiniciados
[2026-06-12 06:00:01] FIN

========================================
[2026-06-13 05:50:01] INICIO
[2026-06-13 05:50:01] [1/5] Backup completo (PostgreSQL + codigo + volumenes)...
[2026-06-13 05:50:01] 1a. Dump PostgreSQL...
[2026-06-13 05:50:01] PostgreSQL dump: 100K
[2026-06-13 05:50:01] 1b. Copiando codigo del proyecto...
[2026-06-13 05:50:01] 1c. Backupeando volumenes Docker...
[2026-06-13 05:50:01]     Volumen: cim5nv_media_data
[2026-06-13 05:50:01]     Backup OK: 1.8M
[2026-06-13 05:50:01]     Volumen: cim5nv_static_data
[2026-06-13 05:50:01]     Backup OK: 1.9M
[2026-06-13 05:50:01] 1d. Comprimiendo backup...
[2026-06-13 05:50:01] Backup completo creado: 5.6M
[2026-06-13 05:50:01] [2/5] Subiendo backup a Google Drive...
[2026-06-13 05:50:01] Backup subido a Drive: backup_completo_2026-06-13.tar.gz
[2026-06-13 05:50:01] [3/5] Rotando backups antiguos en Google Drive...
[2026-06-13 05:50:01] Backups en Drive: 3, se eliminaran: 0
[2026-06-13 05:50:01] [4/5] Git commit + push...
[main ac80cf5] auto: cambios 2026-06-13
 34 files changed, 4801 insertions(+), 3364 deletions(-)
 create mode 100644 direccion/admin.py.bak
 create mode 100644 direccion/migrations/0016_documentousuario_carpetausuario.py
 create mode 100644 direccion/views/documentos_usuario.py
 create mode 100644 templates/direccion/mis_documentos.html
 create mode 100644 tmp_frm.txt
 create mode 100644 tmp_side.txt
 create mode 100644 tmp_url.txt
To https://github.com/maikel-d/CIM5.git
   4049855..ac80cf5  main -> main
[2026-06-13 05:50:01] Git push completado
[2026-06-13 05:50:01] FIN

========================================
[2026-06-13 06:00:01] INICIO
[2026-06-13 06:00:01] [5/5] Reiniciando contenedores Docker...
 Container direccion-db Restarting 
 Container direccion-nginx Restarting 
 Container direccion-app Restarting 
 Container direccion-app Started 
 Container direccion-db Started 
 Container direccion-nginx Started 
[2026-06-13 06:00:01] Contenedores reiniciados
[2026-06-13 06:00:01] FIN

========================================
[2026-06-14 05:50:01] INICIO
[2026-06-14 05:50:01] [1/5] Backup completo (PostgreSQL + codigo + volumenes)...
[2026-06-14 05:50:01] 1a. Dump PostgreSQL...
[2026-06-14 05:50:01] PostgreSQL dump: 114K
[2026-06-14 05:50:01] 1b. Copiando codigo del proyecto...
[2026-06-14 05:50:01] 1c. Backupeando volumenes Docker...
[2026-06-14 05:50:01]     Volumen: cim5nv_media_data
[2026-06-14 05:50:01]     Backup OK: 1.8M
[2026-06-14 05:50:01]     Volumen: cim5nv_static_data
[2026-06-14 05:50:01]     Backup OK: 1.9M
[2026-06-14 05:50:01] 1d. Comprimiendo backup...
[2026-06-14 05:50:01] Backup completo creado: 5.6M
[2026-06-14 05:50:01] [2/5] Subiendo backup a Google Drive...
[2026-06-14 05:50:01] Backup subido a Drive: backup_completo_2026-06-14.tar.gz
[2026-06-14 05:50:01] [3/5] Rotando backups antiguos en Google Drive...
[2026-06-14 05:50:01] Backups en Drive: 4, se eliminaran: 1
[2026-06-14 05:50:01] Eliminando: backup_completo_2026-06-11.tar.gz
[2026-06-14 05:50:01] [4/5] Git commit + push...
